<?xml version='1.0' encoding='UTF-8'?>
<testsuite hostname="DESKTOP-TI50IBP" name="fpu8.TestDivide" tests="1" errors="0" failures="0" skipped="0" time="3.724" timestamp="2024-09-30T20:26:17">
          <properties>
[...]
</properties>
          <testcase classname="fpu8.TestDivide" name="Divide should calculate the value of expression a / b" time="3.724">
                      
                    </testcase>
          <system-out><![CDATA[]]></system-out>
          <system-err><![CDATA[]]></system-err>
        </testsuite>