<?xml version='1.0' encoding='UTF-8'?>
<testsuite hostname="DESKTOP-TI50IBP" name="fpu8.TestGenerateFinalResult" tests="1" errors="0" failures="0" skipped="0" time="4.952" timestamp="2024-10-03T15:26:05">
          <properties>
[...]
</properties>
          <testcase classname="fpu8.TestGenerateFinalResult" name="GenerateFinalResult should give the 8-bit floating point representation of the result" time="4.952">
                      
                    </testcase>
          <system-out><![CDATA[]]></system-out>
          <system-err><![CDATA[]]></system-err>
        </testsuite>